
*** Running xst
    with args -ifn system_stub.xst -ofn system_stub.srp -intstyle ise

Reading design: system_stub.prj

=========================================================================
*                          HDL Parsing                                  *
=========================================================================
Parsing VHDL file "/nfs/home/a/ac_pate/COEN317/lab1/lab1/lab1.srcs/sources_1/edk/system/hdl/system.vhd" into library work
Parsing entity <system>.
Parsing architecture <STRUCTURE> of entity <system>.
Parsing VHDL file "/nfs/home/a/ac_pate/COEN317/lab1/lab1/lab1.srcs/sources_1/edk/system/system_stub.vhd" into library work
Parsing entity <system_stub>.
Parsing architecture <STRUCTURE> of entity <system_stub>.

=========================================================================
*                            HDL Elaboration                            *
=========================================================================

Elaborating entity <system_stub> (architecture <STRUCTURE>) from library <work>.

Elaborating entity <system> (architecture <>) from library <work>.

=========================================================================
*                           HDL Synthesis                               *
=========================================================================

Synthesizing Unit <system_stub>.
    Related source file is "/nfs/home/a/ac_pate/COEN317/lab1/lab1/lab1.srcs/sources_1/edk/system/system_stub.vhd".
    Set property "BOX_TYPE = user_black_box" for instance <system_i>.
    Summary:
	no macro.
Unit <system_stub> synthesized.

=========================================================================
HDL Synthesis Report

Found no macro
=========================================================================

=========================================================================
*                       Advanced HDL Synthesis                          *
=========================================================================

Reading core <../../lab1.srcs/sources_1/edk/system/implementation/system.ngc>.
Reading core <../../lab1.srcs/sources_1/edk/system/implementation/system_processing_system7_0_wrapper.ngc>.
Loading core <system_processing_system7_0_wrapper> for timing and area information for instance <processing_system7_0>.
Loading core <system> for timing and area information for instance <system_i>.

=========================================================================
Advanced HDL Synthesis Report

Found no macro
=========================================================================

=========================================================================
*                         Low Level Synthesis                           *
=========================================================================

WARNING:Xst:528 - Multi-source in Unit <processing_system7_0> on signal <PS_SRSTB>; this signal is connected to multiple drivers.
Drivers are: 
   Primary input port <processing_system7_0_PS_SRSTB>
   Output port PS7:PSSRSTB of instance <system_i/processing_system7_0/processing_system7_0/PS7_i>

WARNING:Xst:528 - Multi-source in Unit <processing_system7_0> on signal <PS_CLK>; this signal is connected to multiple drivers.
Drivers are: 
   Primary input port <processing_system7_0_PS_CLK>
   Output port PS7:PSCLK of instance <system_i/processing_system7_0/processing_system7_0/PS7_i>

WARNING:Xst:528 - Multi-source in Unit <processing_system7_0> on signal <PS_PORB>; this signal is connected to multiple drivers.
Drivers are: 
   Primary input port <processing_system7_0_PS_PORB>
   Output port PS7:PSPORB of instance <system_i/processing_system7_0/processing_system7_0/PS7_i>

Optimizing unit <system_stub> ...

Mapping all equations...
Building and optimizing final netlist ...
Found area constraint ratio of 100 (+ 0) on block system_stub, actual ratio is 0.

Final Macro Processing ...

=========================================================================
Final Register Report

Found no macro
=========================================================================

=========================================================================
*                           Partition Report                            *
=========================================================================

Partition Implementation Status
-------------------------------

  No Partitions were found in this design.

-------------------------------

=========================================================================
*                            Design Summary                             *
=========================================================================

Clock Information:
------------------
No clock signals found in this design

Asynchronous Control Signals Information:
----------------------------------------
No asynchronous control signals found in this design

Timing Summary:
---------------
Speed Grade: -1

   Minimum period: No path found
   Minimum input arrival time before clock: No path found
   Maximum output required time after clock: No path found
   Maximum combinational path delay: 0.000ns

=========================================================================
