18:02:19.256 INFO  - Processing command line option -hwspec /nfs/home/a/ac_pate/COEN317/lab2/lab2/lab2.sdk/SDK/SDK_Export/hw/system.xml. 
18:05:10.549 WARN  - Unable to obtain port 2350 for use by XMD, java.net.BindException: Address already in use 
18:05:14.318 INFO  - Processor reset is completed for ps7_cortexa9_0 
18:08:03.413 INFO  - Processor reset is completed for ps7_cortexa9_0 
18:08:03.513 INFO  - PS initialization will be done as it is not done before. 
18:08:03.514 INFO  - Running PS initialization.... 
18:08:03.960 INFO  - ps7_init is completed. 
18:08:04.060 INFO  - ps7_post_config is completed. 
18:08:04.160 INFO  - PS Initialization is complete. 
18:08:26.647 INFO  - ps7_cortexa9_0 Processor is in use. Please stop existing Run or Debug sessions before launching. 
18:08:37.013 INFO  - Processor reset is completed for ps7_cortexa9_0 
18:08:39.004 ERROR - Unexpected error while launching program. java.lang.RuntimeException: Failed to download ELF file


    AP transaction timeout: ACK = 0x01, expected=0x02)
    Error Address = 0x00174000, Size = 0x00000004


	at com.xilinx.sdk.targetmanager.internal.TM.downloadELF(Unknown Source)
	at com.xilinx.sdk.debug.core.internal.AppRunner.run(Unknown Source)

20:24:43.559 ERROR - Unexpected error while parsing XMD response ￿: com.google.gson.JsonSyntaxException: com.google.gson.stream.MalformedJsonException: invalid number or unquoted string near  
20:25:10.678 INFO  - Processing command line option -hwspec /nfs/home/a/ac_pate/COEN317/lab2/lab2/lab2.sdk/SDK/SDK_Export/hw/system.xml. 
20:25:27.665 WARN  - Unable to obtain port 2350 for use by XMD, java.net.BindException: Address already in use 
20:25:37.602 ERROR - Unexpected error while launching program. java.lang.RuntimeException: Error in Resetting Target

    Could not stop the processor after reset


	at com.xilinx.sdk.targetmanager.internal.TM.doProcessorReset(Unknown Source)
	at com.xilinx.sdk.debug.core.internal.AppRunner.run(Unknown Source)

20:26:17.502 ERROR - Unexpected error while launching program. java.lang.RuntimeException: Error in Resetting Target

    Could not stop the processor after reset


	at com.xilinx.sdk.targetmanager.internal.TM.doProcessorReset(Unknown Source)
	at com.xilinx.sdk.debug.core.internal.AppRunner.run(Unknown Source)

20:29:46.601 ERROR - Unexpected error while launching program. java.lang.RuntimeException: Error in Resetting Target

    Could not stop the processor after reset


	at com.xilinx.sdk.targetmanager.internal.TM.doProcessorReset(Unknown Source)
	at com.xilinx.sdk.debug.core.internal.AppRunner.run(Unknown Source)

20:32:22.630 ERROR - Unexpected error while parsing XMD response ￿: com.google.gson.JsonSyntaxException: com.google.gson.stream.MalformedJsonException: invalid number or unquoted string near  
20:32:26.611 INFO  - Processing command line option -hwspec /nfs/home/a/ac_pate/COEN317/lab2/lab2/lab2.sdk/SDK/SDK_Export/hw/system.xml. 
20:36:33.001 INFO  - Processor reset is completed for ps7_cortexa9_0 
20:36:33.101 INFO  - PS initialization will be done as it is not done before. 
20:36:33.102 INFO  - Running PS initialization.... 
20:36:33.502 INFO  - ps7_init is completed. 
20:36:33.602 INFO  - ps7_post_config is completed. 
20:36:33.702 INFO  - PS Initialization is complete. 
20:37:52.323 INFO  - ps7_cortexa9_0 Processor is in use. Please stop existing Run or Debug sessions before launching. 
20:38:04.012 INFO  - Processor reset is completed for ps7_cortexa9_0 
20:38:06.003 ERROR - Unexpected error while launching program. java.lang.RuntimeException: Failed to download ELF file


    AP transaction timeout: ACK = 0x01, expected=0x02)
    Error Address = 0x00174000, Size = 0x00000004


	at com.xilinx.sdk.targetmanager.internal.TM.downloadELF(Unknown Source)
	at com.xilinx.sdk.debug.core.internal.AppRunner.run(Unknown Source)

20:41:56.083 ERROR - Unexpected error while parsing XMD response ￿: com.google.gson.JsonSyntaxException: com.google.gson.stream.MalformedJsonException: invalid number or unquoted string near  
20:42:12.543 INFO  - Processing command line option -hwspec /nfs/home/a/ac_pate/COEN317/lab2/lab2/lab2.sdk/SDK/SDK_Export/hw/system.xml. 
20:43:09.377 INFO  - Processor reset is completed for ps7_cortexa9_0 
20:43:09.477 INFO  - PS initialization will be done as it is not done before. 
20:43:09.478 INFO  - Running PS initialization.... 
20:43:09.883 INFO  - ps7_init is completed. 
20:43:09.983 INFO  - ps7_post_config is completed. 
20:43:10.083 INFO  - PS Initialization is complete. 
23:44:31.014 INFO  - Processing command line option -hwspec /nfs/home/a/ac_pate/COEN317/lab2/lab2/lab2.sdk/SDK/SDK_Export/hw/system.xml. 
23:45:50.017 INFO  - Processor reset is completed for ps7_cortexa9_0 
23:45:50.117 INFO  - PS initialization will be done as it is not done before. 
23:45:50.118 INFO  - Running PS initialization.... 
23:45:50.565 INFO  - ps7_init is completed. 
23:45:50.665 INFO  - ps7_post_config is completed. 
23:45:50.765 INFO  - PS Initialization is complete. 
23:47:18.296 INFO  - Processor reset is completed for ps7_cortexa9_0 
23:48:42.773 INFO  - Processor reset is completed for ps7_cortexa9_0 
23:50:14.009 INFO  - Processor reset is completed for ps7_cortexa9_0 
23:52:38.701 INFO  - Processor reset is completed for ps7_cortexa9_0 
23:53:32.513 INFO  - Processor reset is completed for ps7_cortexa9_0 
23:55:42.431 INFO  - Processor reset is completed for ps7_cortexa9_0 
23:57:20.423 INFO  - Processor reset is completed for ps7_cortexa9_0 
16:35:31.167 INFO  - Processing command line option -hwspec /nfs/home/a/ac_pate/COEN317/lab2/lab2/lab2.sdk/SDK/SDK_Export/hw/system.xml. 
16:35:50.165 WARN  - Unable to obtain port 2350 for use by XMD, java.net.BindException: Address already in use 
16:35:55.602 ERROR - Unexpected error while launching program. java.lang.RuntimeException: Error in Resetting Target

    Could not stop the processor after reset


	at com.xilinx.sdk.targetmanager.internal.TM.doProcessorReset(Unknown Source)
	at com.xilinx.sdk.debug.core.internal.AppRunner.run(Unknown Source)

16:36:42.203 ERROR - Port /dev/ttyUSB0 is already in use. 
16:36:42.603 ERROR - Unexpected error while launching program. java.lang.RuntimeException: Error in Resetting Target

    Could not stop the processor after reset


	at com.xilinx.sdk.targetmanager.internal.TM.doProcessorReset(Unknown Source)
	at com.xilinx.sdk.debug.core.internal.AppRunner.run(Unknown Source)

16:36:51.771 ERROR - Unexpected error while parsing XMD response ￿: com.google.gson.JsonSyntaxException: com.google.gson.stream.MalformedJsonException: invalid number or unquoted string near  
16:37:13.681 INFO  - Processing command line option -hwspec /nfs/home/a/ac_pate/COEN317/lab2/lab2/lab2.sdk/SDK/SDK_Export/hw/system.xml. 
16:37:32.503 ERROR - Unexpected error while launching program. java.lang.RuntimeException: Error in Resetting Target

    Could not stop the processor after reset


	at com.xilinx.sdk.targetmanager.internal.TM.doProcessorReset(Unknown Source)
	at com.xilinx.sdk.debug.core.internal.AppRunner.run(Unknown Source)

16:38:16.411 ERROR - Unexpected error while parsing XMD response ￿: com.google.gson.JsonSyntaxException: com.google.gson.stream.MalformedJsonException: invalid number or unquoted string near  
16:39:21.757 INFO  - Processing command line option -hwspec /nfs/home/a/ac_pate/COEN317/lab2/lab2/lab2.sdk/SDK/SDK_Export/hw/system.xml. 
16:40:04.236 INFO  - Processor reset is completed for ps7_cortexa9_0 
16:40:04.336 INFO  - PS initialization will be done as it is not done before. 
16:40:04.336 INFO  - Running PS initialization.... 
16:40:04.747 INFO  - ps7_init is completed. 
16:40:04.848 INFO  - ps7_post_config is completed. 
16:40:04.948 INFO  - PS Initialization is complete. 
16:41:46.335 ERROR - Unexpected error while parsing XMD response ￿: com.google.gson.JsonSyntaxException: com.google.gson.stream.MalformedJsonException: invalid number or unquoted string near  
17:14:19.889 INFO  - Processing command line option -hwspec /nfs/home/a/ac_pate/COEN317/lab2/lab2/lab2.sdk/SDK/SDK_Export/hw/system.xml. 
17:14:35.932 INFO  - Processor reset is completed for ps7_cortexa9_0 
17:14:36.032 INFO  - PS initialization will be done as it is not done before. 
17:14:36.033 INFO  - Running PS initialization.... 
17:14:36.432 INFO  - ps7_init is completed. 
17:14:36.532 INFO  - ps7_post_config is completed. 
17:14:36.632 INFO  - PS Initialization is complete. 
